0 info it worked if it ends with ok
1 verbose cli [ '/usr/local/bin/node',
1 verbose cli   '/usr/local/bin/npm',
1 verbose cli   'install',
1 verbose cli   'bootstrap' ]
2 info using npm@2.14.4
3 info using node@v4.1.2
4 verbose install initial load of /Users/package.json
5 verbose installManyTop reading scoped package data from /Users/node_modules/engine.io/package.json
6 verbose installManyTop reading scoped package data from /Users/node_modules/express/package.json
7 verbose installManyTop reading scoped package data from /Users/node_modules/primus/package.json
8 verbose installManyTop reading scoped package data from /Users/node_modules/primus.io/package.json
9 verbose installManyTop reading scoped package data from /Users/node_modules/ws/package.json
10 info package.json engine.io@1.5.4 No license field.
11 verbose readDependencies loading dependencies from /Users/package.json
12 silly cache add args [ 'bootstrap', null ]
13 verbose cache add spec bootstrap
14 silly cache add parsed spec Result {
14 silly cache add   raw: 'bootstrap',
14 silly cache add   scope: null,
14 silly cache add   name: 'bootstrap',
14 silly cache add   rawSpec: '',
14 silly cache add   spec: '*',
14 silly cache add   type: 'range' }
15 silly addNamed bootstrap@*
16 verbose addNamed "*" is a valid semver range for bootstrap
17 silly addNameRange { name: 'bootstrap', range: '*', hasData: false }
18 silly mapToRegistry name bootstrap
19 silly mapToRegistry using default registry
20 silly mapToRegistry registry https://registry.npmjs.org/
21 silly mapToRegistry uri https://registry.npmjs.org/bootstrap
22 verbose addNameRange registry:https://registry.npmjs.org/bootstrap not in flight; fetching
23 verbose request uri https://registry.npmjs.org/bootstrap
24 verbose request no auth needed
25 info attempt registry request try #1 at 3:03:23 PM
26 verbose request id 9105910213f926b6
27 http request GET https://registry.npmjs.org/bootstrap
28 http 200 https://registry.npmjs.org/bootstrap
29 silly get cb [ 200,
29 silly get   { server: 'CouchDB/1.5.0 (Erlang OTP/R16B03)',
29 silly get     etag: '"39BZDAGWC68A97JGSTP2Y4BBM"',
29 silly get     'content-type': 'application/json',
29 silly get     'content-encoding': 'gzip',
29 silly get     'cache-control': 'max-age=300',
29 silly get     'content-length': '8024',
29 silly get     'accept-ranges': 'bytes',
29 silly get     date: 'Fri, 03 Jun 2016 22:03:22 GMT',
29 silly get     via: '1.1 varnish',
29 silly get     age: '4',
29 silly get     connection: 'keep-alive',
29 silly get     'x-served-by': 'cache-lax1428-LAX',
29 silly get     'x-cache': 'HIT',
29 silly get     'x-cache-hits': '1',
29 silly get     'x-timer': 'S1464991402.333026,VS0,VE0',
29 silly get     vary: 'Accept-Encoding' } ]
30 verbose get saving bootstrap to /Users/isaks/.npm/registry.npmjs.org/bootstrap/.cache.json
31 silly addNameRange number 2 { name: 'bootstrap', range: '*', hasData: true }
32 silly addNameRange versions [ 'bootstrap',
32 silly addNameRange   [ '0.0.1',
32 silly addNameRange     '0.0.2',
32 silly addNameRange     '3.1.1',
32 silly addNameRange     '3.2.0',
32 silly addNameRange     '3.3.0',
32 silly addNameRange     '3.3.1',
32 silly addNameRange     '3.3.2',
32 silly addNameRange     '3.3.4',
32 silly addNameRange     '3.3.5',
32 silly addNameRange     '3.3.6',
32 silly addNameRange     '4.0.0-alpha.2' ] ]
33 silly addNamed bootstrap@3.3.6
34 verbose addNamed "3.3.6" is a plain semver version for bootstrap
35 silly mapToRegistry name bootstrap
36 silly mapToRegistry using default registry
37 silly mapToRegistry registry https://registry.npmjs.org/
38 silly mapToRegistry uri https://registry.npmjs.org/bootstrap
39 verbose addRemoteTarball https://registry.npmjs.org/bootstrap/-/bootstrap-3.3.6.tgz not in flight; adding
40 verbose addRemoteTarball [ 'https://registry.npmjs.org/bootstrap/-/bootstrap-3.3.6.tgz',
40 verbose addRemoteTarball   '8de8f749dc8a743f2ac5b510d988371e3daa6589' ]
41 info retry fetch attempt 1 at 3:03:24 PM
42 info attempt registry request try #1 at 3:03:24 PM
43 http fetch GET https://registry.npmjs.org/bootstrap/-/bootstrap-3.3.6.tgz
44 http fetch 200 https://registry.npmjs.org/bootstrap/-/bootstrap-3.3.6.tgz
45 silly fetchAndShaCheck shasum 8de8f749dc8a743f2ac5b510d988371e3daa6589
46 verbose addTmpTarball /var/folders/0k/0432x4310gjfg2n5mym0htx40000gn/T/npm-72718-d3638c09/registry.npmjs.org/bootstrap/-/bootstrap-3.3.6.tgz not in flight; adding
47 verbose addTmpTarball already have metadata; skipping unpack for bootstrap@3.3.6
48 silly cache afterAdd bootstrap@3.3.6
49 verbose afterAdd /Users/isaks/.npm/bootstrap/3.3.6/package/package.json not in flight; writing
50 verbose afterAdd /Users/isaks/.npm/bootstrap/3.3.6/package/package.json written
51 silly install resolved [ { name: 'bootstrap',
51 silly install resolved     description: 'The most popular front-end framework for developing responsive, mobile first projects on the web.',
51 silly install resolved     version: '3.3.6',
51 silly install resolved     keywords:
51 silly install resolved      [ 'css',
51 silly install resolved        'less',
51 silly install resolved        'mobile-first',
51 silly install resolved        'responsive',
51 silly install resolved        'front-end',
51 silly install resolved        'framework',
51 silly install resolved        'web' ],
51 silly install resolved     homepage: 'http://getbootstrap.com',
51 silly install resolved     author: { name: 'Twitter, Inc.' },
51 silly install resolved     scripts: { test: 'grunt test' },
51 silly install resolved     style: 'dist/css/bootstrap.css',
51 silly install resolved     less: 'less/bootstrap.less',
51 silly install resolved     main: './dist/js/npm',
51 silly install resolved     repository:
51 silly install resolved      { type: 'git',
51 silly install resolved        url: 'git+https://github.com/twbs/bootstrap.git' },
51 silly install resolved     bugs: { url: 'https://github.com/twbs/bootstrap/issues' },
51 silly install resolved     license: 'MIT',
51 silly install resolved     devDependencies:
51 silly install resolved      { btoa: '~1.1.2',
51 silly install resolved        glob: '~6.0.1',
51 silly install resolved        grunt: '~0.4.5',
51 silly install resolved        'grunt-autoprefixer': '~3.0.3',
51 silly install resolved        'grunt-contrib-clean': '~0.6.0',
51 silly install resolved        'grunt-contrib-compress': '~0.14.0',
51 silly install resolved        'grunt-contrib-concat': '~0.5.1',
51 silly install resolved        'grunt-contrib-connect': '~0.11.2',
51 silly install resolved        'grunt-contrib-copy': '~0.8.0',
51 silly install resolved        'grunt-contrib-csslint': '~0.5.0',
51 silly install resolved        'grunt-contrib-cssmin': '~0.14.0',
51 silly install resolved        'grunt-contrib-htmlmin': '~0.6.0',
51 silly install resolved        'grunt-contrib-jade': '~0.15.0',
51 silly install resolved        'grunt-contrib-jshint': '~0.11.2',
51 silly install resolved        'grunt-contrib-less': '~1.1.0',
51 silly install resolved        'grunt-contrib-qunit': '~0.7.0',
51 silly install resolved        'grunt-contrib-uglify': '~0.9.2',
51 silly install resolved        'grunt-contrib-watch': '~0.6.1',
51 silly install resolved        'grunt-csscomb': '~3.1.0',
51 silly install resolved        'grunt-exec': '~0.4.6',
51 silly install resolved        'grunt-html': '~5.0.1',
51 silly install resolved        'grunt-jekyll': '~0.4.2',
51 silly install resolved        'grunt-jscs': '~2.3.0',
51 silly install resolved        'grunt-saucelabs': '~8.6.1',
51 silly install resolved        'grunt-sed': 'github:twbs/grunt-sed#v0.2.0',
51 silly install resolved        'load-grunt-tasks': '~3.3.0',
51 silly install resolved        'markdown-it': '^5.0.0',
51 silly install resolved        'npm-shrinkwrap': '^200.4.0',
51 silly install resolved        'time-grunt': '^1.2.1' },
51 silly install resolved     engines: { node: '>=0.10.1' },
51 silly install resolved     files:
51 silly install resolved      [ 'dist',
51 silly install resolved        'fonts',
51 silly install resolved        'grunt',
51 silly install resolved        'js/*.js',
51 silly install resolved        'less/**/*.less',
51 silly install resolved        'Gruntfile.js',
51 silly install resolved        'LICENSE' ],
51 silly install resolved     jspm: { main: 'js/bootstrap', shim: [Object], files: [Object] },
51 silly install resolved     gitHead: '81df608a40bf0629a1dc08e584849bb1e43e0b7a',
51 silly install resolved     _id: 'bootstrap@3.3.6',
51 silly install resolved     _shasum: '8de8f749dc8a743f2ac5b510d988371e3daa6589',
51 silly install resolved     _from: 'bootstrap@*',
51 silly install resolved     _npmVersion: '2.11.3',
51 silly install resolved     _nodeVersion: '0.12.7',
51 silly install resolved     _npmUser: { name: 'twbs', email: 'getbootstrap@gmail.com' },
51 silly install resolved     dist:
51 silly install resolved      { shasum: '8de8f749dc8a743f2ac5b510d988371e3daa6589',
51 silly install resolved        tarball: 'https://registry.npmjs.org/bootstrap/-/bootstrap-3.3.6.tgz' },
51 silly install resolved     maintainers: [ [Object] ],
51 silly install resolved     directories: {},
51 silly install resolved     _resolved: 'https://registry.npmjs.org/bootstrap/-/bootstrap-3.3.6.tgz' } ]
52 info install bootstrap@3.3.6 into /Users
53 info installOne bootstrap@3.3.6
54 verbose installOne of bootstrap to /Users not in flight; installing
55 verbose lock using /Users/isaks/.npm/_locks/bootstrap-b65d352073fffd6f.lock for /Users/node_modules/bootstrap
56 silly install write writing bootstrap 3.3.6 to /Users/node_modules/bootstrap
57 verbose unbuild node_modules/bootstrap
58 silly gentlyRm /Users/node_modules/bootstrap is being purged from base /Users
59 verbose gentlyRm don't care about contents; nuking /Users/node_modules/bootstrap
60 verbose tar unpack /Users/isaks/.npm/bootstrap/3.3.6/package.tgz
61 verbose tar unpacking to /Users/node_modules/bootstrap
62 silly gentlyRm /Users/node_modules/bootstrap is being purged
63 verbose gentlyRm don't care about contents; nuking /Users/node_modules/bootstrap
64 silly gunzTarPerm modes [ '755', '644' ]
65 error tar.unpack untar error /Users/isaks/.npm/bootstrap/3.3.6/package.tgz
66 verbose unlock done using /Users/isaks/.npm/_locks/bootstrap-b65d352073fffd6f.lock for /Users/node_modules/bootstrap
67 verbose fstream_path /Users/node_modules/bootstrap
68 verbose fstream_type Directory
69 verbose fstream_class DirWriter
70 verbose stack Error: EACCES: permission denied, mkdir '/Users/node_modules/bootstrap'
70 verbose stack     at Error (native)
71 verbose fstream_stack /usr/local/lib/node_modules/npm/node_modules/fstream/lib/dir-writer.js:35:25
71 verbose fstream_stack /usr/local/lib/node_modules/npm/node_modules/mkdirp/index.js:47:53
71 verbose fstream_stack FSReqWrap.oncomplete (fs.js:82:15)
72 verbose cwd /Users/isaks/Desktop/ishansaksena.github.io
73 error Darwin 15.5.0
74 error argv "/usr/local/bin/node" "/usr/local/bin/npm" "install" "bootstrap"
75 error node v4.1.2
76 error npm  v2.14.4
77 error path /Users/node_modules/bootstrap
78 error code EACCES
79 error errno -13
80 error syscall mkdir
81 error Error: EACCES: permission denied, mkdir '/Users/node_modules/bootstrap'
81 error     at Error (native)
81 error  { [Error: EACCES: permission denied, mkdir '/Users/node_modules/bootstrap']
81 error   errno: -13,
81 error   code: 'EACCES',
81 error   syscall: 'mkdir',
81 error   path: '/Users/node_modules/bootstrap',
81 error   fstream_type: 'Directory',
81 error   fstream_path: '/Users/node_modules/bootstrap',
81 error   fstream_class: 'DirWriter',
81 error   fstream_stack:
81 error    [ '/usr/local/lib/node_modules/npm/node_modules/fstream/lib/dir-writer.js:35:25',
81 error      '/usr/local/lib/node_modules/npm/node_modules/mkdirp/index.js:47:53',
81 error      'FSReqWrap.oncomplete (fs.js:82:15)' ] }
82 error Please try running this command again as root/Administrator.
83 verbose exit [ -13, true ]
84 verbose unbuild node_modules/bootstrap
85 silly gentlyRm /Users/node_modules/bootstrap is being purged from base /Users
86 verbose gentlyRm don't care about contents; nuking /Users/node_modules/bootstrap
